[08/06/2024 11:17:58] SamiQLubiGofry won Nożyce z bazaru (ID: nożyce_z_bazaru, Weight: 1.0) from Pospolita skrzynia (ID: common-crate)
[08/06/2024 11:17:58] SamiQLubiGofry won Zwykła kolcza czapka (ID: zwykła_kolcza_czapka, Weight: 25.0) from Pospolita skrzynia (ID: common-crate)
[08/06/2024 11:17:59] SamiQLubiGofry won Nożyce z bazaru (ID: nożyce_z_bazaru, Weight: 1.0) from Pospolita skrzynia (ID: common-crate)
[08/06/2024 11:18:00] SamiQLubiGofry won Nożyce z bazaru (ID: nożyce_z_bazaru, Weight: 1.0) from Pospolita skrzynia (ID: common-crate)
[08/06/2024 11:18:00] SamiQLubiGofry won Klub debaty (ID: klub_debaty, Weight: 25.0) from Pospolita skrzynia (ID: common-crate)
[08/06/2024 11:18:01] SamiQLubiGofry won Nożyce z bazaru (ID: nożyce_z_bazaru, Weight: 1.0) from Pospolita skrzynia (ID: common-crate)
[08/06/2024 11:18:01] SamiQLubiGofry won Buty podróżnika (ID: buty_podróżnika, Weight: 25.0) from Pospolita skrzynia (ID: common-crate)
[08/06/2024 11:18:01] SamiQLubiGofry won Nożyce z bazaru (ID: nożyce_z_bazaru, Weight: 1.0) from Pospolita skrzynia (ID: common-crate)
[08/06/2024 11:18:01] SamiQLubiGofry won Nożyce z bazaru (ID: nożyce_z_bazaru, Weight: 1.0) from Pospolita skrzynia (ID: common-crate)
[08/06/2024 11:18:01] SamiQLubiGofry won Nożyce z bazaru (ID: nożyce_z_bazaru, Weight: 1.0) from Pospolita skrzynia (ID: common-crate)
[08/06/2024 11:18:02] SamiQLubiGofry won Kamienny claymore (ID: kamienny_claymore, Weight: 25.0) from Pospolita skrzynia (ID: common-crate)
[08/06/2024 11:18:02] SamiQLubiGofry won Zwykły kolczy napierśnik (ID: zwykły_kolczy_napierśnik, Weight: 25.0) from Pospolita skrzynia (ID: common-crate)
[08/06/2024 11:18:02] SamiQLubiGofry won Nożyce z bazaru (ID: nożyce_z_bazaru, Weight: 1.0) from Pospolita skrzynia (ID: common-crate)
[08/06/2024 11:18:02] SamiQLubiGofry won Nożyce z bazaru (ID: nożyce_z_bazaru, Weight: 1.0) from Pospolita skrzynia (ID: common-crate)
[08/06/2024 11:18:02] SamiQLubiGofry won Nożyce z bazaru (ID: nożyce_z_bazaru, Weight: 1.0) from Pospolita skrzynia (ID: common-crate)
[08/06/2024 11:18:03] SamiQLubiGofry won Nożyce z bazaru (ID: nożyce_z_bazaru, Weight: 1.0) from Pospolita skrzynia (ID: common-crate)
[08/06/2024 11:18:03] SamiQLubiGofry won Pustynne marzenie (ID: pustynne_marzenie, Weight: 25.0) from Pospolita skrzynia (ID: common-crate)
[08/06/2024 11:18:03] SamiQLubiGofry won Pustynne marzenie (ID: pustynne_marzenie, Weight: 25.0) from Pospolita skrzynia (ID: common-crate)
[08/06/2024 11:18:03] SamiQLubiGofry won Szpadel (ID: szpadel, Weight: 25.0) from Pospolita skrzynia (ID: common-crate)
[08/06/2024 11:18:03] SamiQLubiGofry won Nożyce z bazaru (ID: nożyce_z_bazaru, Weight: 1.0) from Pospolita skrzynia (ID: common-crate)
[08/06/2024 11:26:49] SamiQLubiGofry won Pustynne marzenie (ID: pustynne_marzenie, Weight: 25.0) from Pospolita skrzynia (ID: common-crate)
[08/06/2024 11:26:54] SamiQLubiGofry won Szpadel (ID: szpadel, Weight: 25.0) from Pospolita skrzynia (ID: common-crate)
[08/06/2024 11:26:55] SamiQLubiGofry won Buty podróżnika (ID: buty_podróżnika, Weight: 25.0) from Pospolita skrzynia (ID: common-crate)
[08/06/2024 11:26:55] SamiQLubiGofry won Miecz pogromcy posuchów (ID: miecz_pogromcy_posuchów, Weight: 25.0) from Pospolita skrzynia (ID: common-crate)
[08/06/2024 11:26:56] SamiQLubiGofry won Nożyce z bazaru (ID: nożyce_z_bazaru, Weight: 1.0) from Pospolita skrzynia (ID: common-crate)
[08/06/2024 11:26:56] SamiQLubiGofry won Nożyce z bazaru (ID: nożyce_z_bazaru, Weight: 1.0) from Pospolita skrzynia (ID: common-crate)
[08/06/2024 11:26:57] SamiQLubiGofry won Pustynne marzenie (ID: pustynne_marzenie, Weight: 25.0) from Pospolita skrzynia (ID: common-crate)
[08/06/2024 11:26:57] SamiQLubiGofry won Miecz pogromcy posuchów (ID: miecz_pogromcy_posuchów, Weight: 25.0) from Pospolita skrzynia (ID: common-crate)
[08/06/2024 11:26:57] SamiQLubiGofry won Nożyce z bazaru (ID: nożyce_z_bazaru, Weight: 1.0) from Pospolita skrzynia (ID: common-crate)
[08/06/2024 11:26:58] SamiQLubiGofry won Klub debaty (ID: klub_debaty, Weight: 25.0) from Pospolita skrzynia (ID: common-crate)
[08/06/2024 11:26:58] SamiQLubiGofry won Nożyce z bazaru (ID: nożyce_z_bazaru, Weight: 1.0) from Pospolita skrzynia (ID: common-crate)
[08/06/2024 11:26:58] SamiQLubiGofry won Kamienny claymore (ID: kamienny_claymore, Weight: 25.0) from Pospolita skrzynia (ID: common-crate)
[08/06/2024 11:26:58] SamiQLubiGofry won Kilof górnika (ID: kilof_górnika, Weight: 25.0) from Pospolita skrzynia (ID: common-crate)
[08/06/2024 11:26:58] SamiQLubiGofry won Zwykły kolczy napierśnik (ID: zwykły_kolczy_napierśnik, Weight: 25.0) from Pospolita skrzynia (ID: common-crate)
[08/06/2024 11:26:58] SamiQLubiGofry won Zwykła kolcza czapka (ID: zwykła_kolcza_czapka, Weight: 25.0) from Pospolita skrzynia (ID: common-crate)
[08/06/2024 11:26:59] SamiQLubiGofry won Kilof górnika (ID: kilof_górnika, Weight: 25.0) from Pospolita skrzynia (ID: common-crate)
[08/06/2024 11:26:59] SamiQLubiGofry won Nożyce z bazaru (ID: nożyce_z_bazaru, Weight: 1.0) from Pospolita skrzynia (ID: common-crate)
[08/06/2024 11:26:59] SamiQLubiGofry won Nożyce z bazaru (ID: nożyce_z_bazaru, Weight: 1.0) from Pospolita skrzynia (ID: common-crate)
[08/06/2024 11:26:59] SamiQLubiGofry won Zwykłe kolcze nogawice (ID: zwykłe_kolcze_nogawice, Weight: 25.0) from Pospolita skrzynia (ID: common-crate)
[08/06/2024 11:26:59] SamiQLubiGofry won Nożyce z bazaru (ID: nożyce_z_bazaru, Weight: 1.0) from Pospolita skrzynia (ID: common-crate)
[08/06/2024 11:32:08] SamiQLubiGofry won Zwykłe kolcze nogawice (ID: zwykłe_kolcze_nogawice, Weight: 25.0) from Pospolita skrzynia (ID: common-crate)
[08/06/2024 11:32:08] SamiQLubiGofry won Nożyce z bazaru (ID: nożyce_z_bazaru, Weight: 20.0) from Pospolita skrzynia (ID: common-crate)
[08/06/2024 11:32:08] SamiQLubiGofry won Kilof górnika (ID: kilof_górnika, Weight: 25.0) from Pospolita skrzynia (ID: common-crate)
[08/06/2024 11:32:08] SamiQLubiGofry won Iron Ingot (ID: iron_ingot, Weight: 25.0) from Pospolita skrzynia (ID: common-crate)
[08/06/2024 11:32:08] SamiQLubiGofry won Nożyce z bazaru (ID: nożyce_z_bazaru, Weight: 20.0) from Pospolita skrzynia (ID: common-crate)
[08/06/2024 11:32:09] SamiQLubiGofry won Iron Ingot (ID: iron_ingot1, Weight: 25.0) from Pospolita skrzynia (ID: common-crate)
[08/06/2024 11:32:09] SamiQLubiGofry won Iron Ingot (ID: iron_ingot1, Weight: 25.0) from Pospolita skrzynia (ID: common-crate)
[08/06/2024 11:32:09] SamiQLubiGofry won Iron Ingot (ID: iron_ingot, Weight: 25.0) from Pospolita skrzynia (ID: common-crate)
[08/06/2024 11:32:09] SamiQLubiGofry won Miecz pogromcy posuchów (ID: miecz_pogromcy_posuchów, Weight: 25.0) from Pospolita skrzynia (ID: common-crate)
[08/06/2024 11:32:09] SamiQLubiGofry won Diamond (ID: diamond, Weight: 25.0) from Pospolita skrzynia (ID: common-crate)
[08/06/2024 11:32:09] SamiQLubiGofry won Gold Ingot (ID: gold_ingot, Weight: 25.0) from Pospolita skrzynia (ID: common-crate)
[08/06/2024 11:32:09] SamiQLubiGofry won Iron Ingot (ID: iron_ingot, Weight: 25.0) from Pospolita skrzynia (ID: common-crate)
[08/06/2024 11:32:10] SamiQLubiGofry won Szpadel (ID: szpadel, Weight: 25.0) from Pospolita skrzynia (ID: common-crate)
[08/06/2024 11:32:10] SamiQLubiGofry won Kilof górnika (ID: kilof_górnika, Weight: 25.0) from Pospolita skrzynia (ID: common-crate)
[08/06/2024 11:32:10] SamiQLubiGofry won Iron Ingot (ID: iron_ingot, Weight: 25.0) from Pospolita skrzynia (ID: common-crate)
[08/06/2024 11:32:10] SamiQLubiGofry won Kilof górnika (ID: kilof_górnika, Weight: 25.0) from Pospolita skrzynia (ID: common-crate)
[08/06/2024 11:32:10] SamiQLubiGofry won Iron Ingot (ID: iron_ingot, Weight: 25.0) from Pospolita skrzynia (ID: common-crate)
[08/06/2024 11:32:10] SamiQLubiGofry won Zwykła kusza złosadnika (ID: zwykła_kusza_złosadnika, Weight: 25.0) from Pospolita skrzynia (ID: common-crate)
[08/06/2024 11:32:11] SamiQLubiGofry won Buty podróżnika (ID: buty_podróżnika, Weight: 25.0) from Pospolita skrzynia (ID: common-crate)
[08/06/2024 11:32:11] SamiQLubiGofry won Nożyce z bazaru (ID: nożyce_z_bazaru, Weight: 20.0) from Pospolita skrzynia (ID: common-crate)
[08/06/2024 11:32:11] SamiQLubiGofry won Iron Ingot (ID: iron_ingot1, Weight: 25.0) from Pospolita skrzynia (ID: common-crate)
[08/06/2024 11:32:11] SamiQLubiGofry won Kilof górnika (ID: kilof_górnika, Weight: 25.0) from Pospolita skrzynia (ID: common-crate)
[08/06/2024 11:32:11] SamiQLubiGofry won Zwykła kusza złosadnika (ID: zwykła_kusza_złosadnika, Weight: 25.0) from Pospolita skrzynia (ID: common-crate)
[08/06/2024 11:32:12] SamiQLubiGofry won Iron Ingot (ID: iron_ingot, Weight: 25.0) from Pospolita skrzynia (ID: common-crate)
[08/06/2024 11:32:12] SamiQLubiGofry won Iron Ingot (ID: iron_ingot, Weight: 25.0) from Pospolita skrzynia (ID: common-crate)
[08/06/2024 11:32:12] SamiQLubiGofry won Zwykła kolcza czapka (ID: zwykła_kolcza_czapka, Weight: 25.0) from Pospolita skrzynia (ID: common-crate)
[08/06/2024 11:32:12] SamiQLubiGofry won Iron Ingot (ID: iron_ingot1, Weight: 25.0) from Pospolita skrzynia (ID: common-crate)
[08/06/2024 11:32:12] SamiQLubiGofry won Zwykła kusza złosadnika (ID: zwykła_kusza_złosadnika, Weight: 25.0) from Pospolita skrzynia (ID: common-crate)
[08/06/2024 11:32:12] SamiQLubiGofry won Iron Ingot (ID: iron_ingot, Weight: 25.0) from Pospolita skrzynia (ID: common-crate)
[08/06/2024 11:32:13] SamiQLubiGofry won Kilof górnika (ID: kilof_górnika, Weight: 25.0) from Pospolita skrzynia (ID: common-crate)
[08/06/2024 11:32:13] SamiQLubiGofry won Nożyce z bazaru (ID: nożyce_z_bazaru, Weight: 20.0) from Pospolita skrzynia (ID: common-crate)
[08/06/2024 11:32:13] SamiQLubiGofry won Iron Ingot (ID: iron_ingot, Weight: 25.0) from Pospolita skrzynia (ID: common-crate)
[08/06/2024 11:32:13] SamiQLubiGofry won Iron Ingot (ID: iron_ingot1, Weight: 25.0) from Pospolita skrzynia (ID: common-crate)
[08/06/2024 11:32:13] SamiQLubiGofry won Pustynne marzenie (ID: pustynne_marzenie, Weight: 25.0) from Pospolita skrzynia (ID: common-crate)
[08/06/2024 11:32:14] SamiQLubiGofry won Kamienny claymore (ID: kamienny_claymore, Weight: 100.0) from Pospolita skrzynia (ID: common-crate)
[08/06/2024 11:32:14] SamiQLubiGofry won Iron Ingot (ID: iron_ingot1, Weight: 25.0) from Pospolita skrzynia (ID: common-crate)
[08/06/2024 11:32:14] SamiQLubiGofry won Ender Pearl (ID: ender_pearl, Weight: 25.0) from Pospolita skrzynia (ID: common-crate)
[08/06/2024 11:32:14] SamiQLubiGofry won Iron Ingot (ID: iron_ingot1, Weight: 25.0) from Pospolita skrzynia (ID: common-crate)
[08/06/2024 11:32:14] SamiQLubiGofry won Zwykła kolcza czapka (ID: zwykła_kolcza_czapka, Weight: 25.0) from Pospolita skrzynia (ID: common-crate)
[08/06/2024 11:32:14] SamiQLubiGofry won Miecz pogromcy posuchów (ID: miecz_pogromcy_posuchów, Weight: 25.0) from Pospolita skrzynia (ID: common-crate)
[08/06/2024 11:32:15] SamiQLubiGofry won Buty podróżnika (ID: buty_podróżnika, Weight: 25.0) from Pospolita skrzynia (ID: common-crate)
[08/06/2024 11:32:15] SamiQLubiGofry won Iron Ingot (ID: iron_ingot, Weight: 25.0) from Pospolita skrzynia (ID: common-crate)
[08/06/2024 11:32:15] SamiQLubiGofry won Kamienny claymore (ID: kamienny_claymore, Weight: 100.0) from Pospolita skrzynia (ID: common-crate)
[08/06/2024 11:32:15] SamiQLubiGofry won Kilof górnika (ID: kilof_górnika, Weight: 25.0) from Pospolita skrzynia (ID: common-crate)
[08/06/2024 11:34:19] SamiQLubiGofry won Iron Ingot (ID: iron_ingot, Weight: 25.0) from Pospolita skrzynia (ID: common-crate)
[08/06/2024 11:34:19] SamiQLubiGofry won Pustynne marzenie (ID: pustynne_marzenie, Weight: 25.0) from Pospolita skrzynia (ID: common-crate)
[08/06/2024 11:34:20] SamiQLubiGofry won Kamienny claymore (ID: kamienny_claymore, Weight: 100.0) from Pospolita skrzynia (ID: common-crate)
[08/06/2024 11:34:20] SamiQLubiGofry won Nożyce z bazaru (ID: nożyce_z_bazaru, Weight: 20.0) from Pospolita skrzynia (ID: common-crate)
[08/06/2024 11:34:20] SamiQLubiGofry won Iron Ingot (ID: iron_ingot, Weight: 25.0) from Pospolita skrzynia (ID: common-crate)
[08/06/2024 11:34:20] SamiQLubiGofry won Kamienny claymore (ID: kamienny_claymore, Weight: 100.0) from Pospolita skrzynia (ID: common-crate)
[08/06/2024 11:34:20] SamiQLubiGofry won Golden Carrot (ID: golden_carrot, Weight: 25.0) from Pospolita skrzynia (ID: common-crate)
[08/06/2024 11:34:21] SamiQLubiGofry won Golden Apple (ID: golden_apple, Weight: 25.0) from Pospolita skrzynia (ID: common-crate)
[08/06/2024 11:34:21] SamiQLubiGofry won Gold Ingot (ID: gold_ingot, Weight: 25.0) from Pospolita skrzynia (ID: common-crate)
[08/06/2024 11:34:21] SamiQLubiGofry won Pustynne marzenie (ID: pustynne_marzenie, Weight: 25.0) from Pospolita skrzynia (ID: common-crate)
[08/06/2024 11:34:21] SamiQLubiGofry won Miecz pogromcy posuchów (ID: miecz_pogromcy_posuchów, Weight: 25.0) from Pospolita skrzynia (ID: common-crate)
[08/06/2024 11:34:21] SamiQLubiGofry won Gold Ingot (ID: gold_ingot1, Weight: 25.0) from Pospolita skrzynia (ID: common-crate)
[08/06/2024 11:34:21] SamiQLubiGofry won Bread (ID: bread, Weight: 25.0) from Pospolita skrzynia (ID: common-crate)
[08/06/2024 11:34:22] SamiQLubiGofry won Diamond (ID: diamond1, Weight: 25.0) from Pospolita skrzynia (ID: common-crate)
[08/06/2024 11:34:22] SamiQLubiGofry won Zwykłe kolcze nogawice (ID: zwykłe_kolcze_nogawice, Weight: 25.0) from Pospolita skrzynia (ID: common-crate)
[08/06/2024 11:34:22] SamiQLubiGofry won Kamienny claymore (ID: kamienny_claymore, Weight: 100.0) from Pospolita skrzynia (ID: common-crate)
[08/06/2024 11:34:22] SamiQLubiGofry won Buty podróżnika (ID: buty_podróżnika, Weight: 25.0) from Pospolita skrzynia (ID: common-crate)
[08/06/2024 11:34:22] SamiQLubiGofry won Iron Ingot (ID: iron_ingot, Weight: 25.0) from Pospolita skrzynia (ID: common-crate)
[08/06/2024 11:34:23] SamiQLubiGofry won Iron Ingot (ID: iron_ingot, Weight: 25.0) from Pospolita skrzynia (ID: common-crate)
[08/06/2024 11:34:23] SamiQLubiGofry won Bread (ID: bread, Weight: 25.0) from Pospolita skrzynia (ID: common-crate)
[08/06/2024 11:34:23] SamiQLubiGofry won Kamienny claymore (ID: kamienny_claymore, Weight: 100.0) from Pospolita skrzynia (ID: common-crate)
[08/06/2024 11:34:23] SamiQLubiGofry won Cooked Porkchop (ID: cooked_porkchop, Weight: 25.0) from Pospolita skrzynia (ID: common-crate)
[08/06/2024 11:34:23] SamiQLubiGofry won Kamienny claymore (ID: kamienny_claymore, Weight: 100.0) from Pospolita skrzynia (ID: common-crate)
[08/06/2024 11:34:23] SamiQLubiGofry won Zwykły kolczy napierśnik (ID: zwykły_kolczy_napierśnik, Weight: 25.0) from Pospolita skrzynia (ID: common-crate)
[08/06/2024 11:34:24] SamiQLubiGofry won Zwykła kolcza czapka (ID: zwykła_kolcza_czapka, Weight: 25.0) from Pospolita skrzynia (ID: common-crate)
[08/06/2024 11:34:24] SamiQLubiGofry won Cooked Porkchop (ID: cooked_porkchop, Weight: 25.0) from Pospolita skrzynia (ID: common-crate)
[08/06/2024 11:34:24] SamiQLubiGofry won Cooked Porkchop (ID: cooked_porkchop, Weight: 25.0) from Pospolita skrzynia (ID: common-crate)
[08/06/2024 11:34:24] SamiQLubiGofry won Gold Ingot (ID: gold_ingot, Weight: 25.0) from Pospolita skrzynia (ID: common-crate)
[08/06/2024 11:34:24] SamiQLubiGofry won Golden Apple (ID: golden_apple, Weight: 25.0) from Pospolita skrzynia (ID: common-crate)
[08/06/2024 11:34:24] SamiQLubiGofry won Buty podróżnika (ID: buty_podróżnika, Weight: 25.0) from Pospolita skrzynia (ID: common-crate)
[08/06/2024 11:34:25] SamiQLubiGofry won Zwykłe kolcze nogawice (ID: zwykłe_kolcze_nogawice, Weight: 25.0) from Pospolita skrzynia (ID: common-crate)
[08/06/2024 11:34:25] SamiQLubiGofry won Gold Ingot (ID: gold_ingot1, Weight: 25.0) from Pospolita skrzynia (ID: common-crate)
[08/06/2024 11:34:25] SamiQLubiGofry won Iron Ingot (ID: iron_ingot1, Weight: 25.0) from Pospolita skrzynia (ID: common-crate)
[08/06/2024 11:34:25] SamiQLubiGofry won Cooked Porkchop (ID: cooked_porkchop, Weight: 25.0) from Pospolita skrzynia (ID: common-crate)
[08/06/2024 11:34:25] SamiQLubiGofry won Cooked Porkchop (ID: cooked_porkchop, Weight: 25.0) from Pospolita skrzynia (ID: common-crate)
[08/06/2024 11:34:26] SamiQLubiGofry won Cooked Porkchop (ID: cooked_porkchop, Weight: 25.0) from Pospolita skrzynia (ID: common-crate)
[08/06/2024 11:34:26] SamiQLubiGofry won Iron Ingot (ID: iron_ingot1, Weight: 25.0) from Pospolita skrzynia (ID: common-crate)
[08/06/2024 11:34:26] SamiQLubiGofry won Iron Ingot (ID: iron_ingot, Weight: 25.0) from Pospolita skrzynia (ID: common-crate)
[08/06/2024 11:34:26] SamiQLubiGofry won Cooked Porkchop (ID: cooked_porkchop, Weight: 25.0) from Pospolita skrzynia (ID: common-crate)
[08/06/2024 11:34:26] SamiQLubiGofry won Ender Pearl (ID: ender_pearl, Weight: 25.0) from Pospolita skrzynia (ID: common-crate)
[08/06/2024 11:34:26] SamiQLubiGofry won Cooked Porkchop (ID: cooked_porkchop, Weight: 25.0) from Pospolita skrzynia (ID: common-crate)
[08/06/2024 11:34:27] SamiQLubiGofry won Diamond (ID: diamond, Weight: 25.0) from Pospolita skrzynia (ID: common-crate)
[08/06/2024 11:34:27] SamiQLubiGofry won Zwykła kolcza czapka (ID: zwykła_kolcza_czapka, Weight: 25.0) from Pospolita skrzynia (ID: common-crate)
[08/06/2024 11:34:27] SamiQLubiGofry won Cooked Porkchop (ID: cooked_porkchop, Weight: 25.0) from Pospolita skrzynia (ID: common-crate)
[08/06/2024 11:34:27] SamiQLubiGofry won Cooked Porkchop (ID: cooked_porkchop, Weight: 25.0) from Pospolita skrzynia (ID: common-crate)
[08/06/2024 11:34:27] SamiQLubiGofry won Iron Ingot (ID: iron_ingot1, Weight: 25.0) from Pospolita skrzynia (ID: common-crate)
[08/06/2024 11:34:28] SamiQLubiGofry won Iron Ingot (ID: iron_ingot1, Weight: 25.0) from Pospolita skrzynia (ID: common-crate)
[08/06/2024 11:34:28] SamiQLubiGofry won Miecz pogromcy posuchów (ID: miecz_pogromcy_posuchów, Weight: 25.0) from Pospolita skrzynia (ID: common-crate)
[08/06/2024 11:36:26] SamiQLubiGofry won Cooked Porkchop (ID: cooked_porkchop, Weight: 25.0) from Pospolita skrzynia (ID: common-crate)
[08/06/2024 11:36:27] SamiQLubiGofry won Bread (ID: bread, Weight: 25.0) from Pospolita skrzynia (ID: common-crate)
[08/06/2024 11:36:27] SamiQLubiGofry won Cooked Porkchop (ID: cooked_porkchop, Weight: 25.0) from Pospolita skrzynia (ID: common-crate)
[08/06/2024 11:36:27] SamiQLubiGofry won Diamond (ID: diamond1, Weight: 25.0) from Pospolita skrzynia (ID: common-crate)
[08/06/2024 11:36:27] SamiQLubiGofry won Diamond (ID: diamond, Weight: 25.0) from Pospolita skrzynia (ID: common-crate)
[08/06/2024 11:36:28] SamiQLubiGofry won Zwykłe kolcze nogawice (ID: zwykłe_kolcze_nogawice, Weight: 25.0) from Pospolita skrzynia (ID: common-crate)
[08/06/2024 11:36:28] SamiQLubiGofry won Bread (ID: bread, Weight: 25.0) from Pospolita skrzynia (ID: common-crate)
[08/06/2024 11:36:28] SamiQLubiGofry won Tarcza średniowieczna (ID: tarcza_średniowieczna, Weight: 25.0) from Pospolita skrzynia (ID: common-crate)
[08/06/2024 11:36:28] SamiQLubiGofry won Iron Ingot (ID: iron_ingot, Weight: 10.0) from Pospolita skrzynia (ID: common-crate)
[08/06/2024 11:36:28] SamiQLubiGofry won Golden Apple (ID: golden_apple, Weight: 15.0) from Pospolita skrzynia (ID: common-crate)
[08/06/2024 11:36:28] SamiQLubiGofry won Klub debaty (ID: klub_debaty, Weight: 25.0) from Pospolita skrzynia (ID: common-crate)
[08/06/2024 11:36:29] SamiQLubiGofry won Golden Apple (ID: golden_apple, Weight: 15.0) from Pospolita skrzynia (ID: common-crate)
[08/06/2024 11:36:29] SamiQLubiGofry won Pustynne marzenie (ID: pustynne_marzenie, Weight: 10.0) from Pospolita skrzynia (ID: common-crate)
[08/06/2024 11:36:29] SamiQLubiGofry won Klub debaty (ID: klub_debaty, Weight: 25.0) from Pospolita skrzynia (ID: common-crate)
[08/06/2024 11:36:29] SamiQLubiGofry won Golden Carrot (ID: golden_carrot, Weight: 25.0) from Pospolita skrzynia (ID: common-crate)
[08/06/2024 11:36:29] SamiQLubiGofry won Buty podróżnika (ID: buty_podróżnika, Weight: 25.0) from Pospolita skrzynia (ID: common-crate)
[08/06/2024 11:36:29] SamiQLubiGofry won Kamienny claymore (ID: kamienny_claymore, Weight: 100.0) from Pospolita skrzynia (ID: common-crate)
[08/06/2024 11:36:30] SamiQLubiGofry won Cooked Porkchop (ID: cooked_porkchop, Weight: 25.0) from Pospolita skrzynia (ID: common-crate)
[08/06/2024 11:36:30] SamiQLubiGofry won Klub debaty (ID: klub_debaty, Weight: 25.0) from Pospolita skrzynia (ID: common-crate)
[08/06/2024 11:36:30] SamiQLubiGofry won Kilof górnika (ID: kilof_górnika, Weight: 60.0) from Pospolita skrzynia (ID: common-crate)
[08/06/2024 11:36:30] SamiQLubiGofry won Zwykłe kolcze nogawice (ID: zwykłe_kolcze_nogawice, Weight: 25.0) from Pospolita skrzynia (ID: common-crate)
[08/06/2024 11:36:30] SamiQLubiGofry won Bread (ID: bread, Weight: 25.0) from Pospolita skrzynia (ID: common-crate)
[08/06/2024 11:36:30] SamiQLubiGofry won Kamienny claymore (ID: kamienny_claymore, Weight: 100.0) from Pospolita skrzynia (ID: common-crate)
[08/06/2024 11:36:31] SamiQLubiGofry won Iron Ingot (ID: iron_ingot, Weight: 10.0) from Pospolita skrzynia (ID: common-crate)
[08/06/2024 11:36:31] SamiQLubiGofry won Kamienny claymore (ID: kamienny_claymore, Weight: 100.0) from Pospolita skrzynia (ID: common-crate)
[08/06/2024 11:36:31] SamiQLubiGofry won Klub debaty (ID: klub_debaty, Weight: 25.0) from Pospolita skrzynia (ID: common-crate)
[08/06/2024 11:36:31] SamiQLubiGofry won Cooked Porkchop (ID: cooked_porkchop, Weight: 25.0) from Pospolita skrzynia (ID: common-crate)
[08/06/2024 11:36:31] SamiQLubiGofry won Ender Pearl (ID: ender_pearl, Weight: 25.0) from Pospolita skrzynia (ID: common-crate)
[08/06/2024 11:36:31] SamiQLubiGofry won Kamienny claymore (ID: kamienny_claymore, Weight: 100.0) from Pospolita skrzynia (ID: common-crate)
[08/06/2024 11:36:32] SamiQLubiGofry won Golden Apple (ID: golden_apple, Weight: 15.0) from Pospolita skrzynia (ID: common-crate)
[08/06/2024 11:36:32] SamiQLubiGofry won Bread (ID: bread, Weight: 25.0) from Pospolita skrzynia (ID: common-crate)
[08/06/2024 11:36:32] SamiQLubiGofry won Miecz pogromcy posuchów (ID: miecz_pogromcy_posuchów, Weight: 10.0) from Pospolita skrzynia (ID: common-crate)
[08/06/2024 11:36:32] SamiQLubiGofry won Zwykła kolcza czapka (ID: zwykła_kolcza_czapka, Weight: 25.0) from Pospolita skrzynia (ID: common-crate)
[08/06/2024 11:36:32] SamiQLubiGofry won Diamond (ID: diamond, Weight: 25.0) from Pospolita skrzynia (ID: common-crate)
[08/06/2024 11:36:32] SamiQLubiGofry won Diamond (ID: diamond, Weight: 25.0) from Pospolita skrzynia (ID: common-crate)
[08/06/2024 11:36:33] SamiQLubiGofry won Cooked Porkchop (ID: cooked_porkchop, Weight: 25.0) from Pospolita skrzynia (ID: common-crate)
[08/06/2024 11:36:33] SamiQLubiGofry won Zwykłe kolcze nogawice (ID: zwykłe_kolcze_nogawice, Weight: 25.0) from Pospolita skrzynia (ID: common-crate)
[08/06/2024 11:36:33] SamiQLubiGofry won Golden Carrot (ID: golden_carrot, Weight: 25.0) from Pospolita skrzynia (ID: common-crate)
[08/06/2024 11:36:33] SamiQLubiGofry won Bread (ID: bread, Weight: 25.0) from Pospolita skrzynia (ID: common-crate)
[08/06/2024 11:36:33] SamiQLubiGofry won Cooked Porkchop (ID: cooked_porkchop, Weight: 25.0) from Pospolita skrzynia (ID: common-crate)
[08/06/2024 11:36:33] SamiQLubiGofry won Cooked Porkchop (ID: cooked_porkchop, Weight: 25.0) from Pospolita skrzynia (ID: common-crate)
[08/06/2024 11:36:34] SamiQLubiGofry won Iron Ingot (ID: iron_ingot, Weight: 10.0) from Pospolita skrzynia (ID: common-crate)
[08/06/2024 11:36:34] SamiQLubiGofry won Golden Apple (ID: golden_apple, Weight: 15.0) from Pospolita skrzynia (ID: common-crate)
[08/06/2024 11:36:34] SamiQLubiGofry won Iron Ingot (ID: iron_ingot1, Weight: 5.0) from Pospolita skrzynia (ID: common-crate)
[08/06/2024 11:36:34] SamiQLubiGofry won Gold Ingot (ID: gold_ingot1, Weight: 25.0) from Pospolita skrzynia (ID: common-crate)
[08/06/2024 11:36:34] SamiQLubiGofry won Cooked Porkchop (ID: cooked_porkchop, Weight: 25.0) from Pospolita skrzynia (ID: common-crate)
[08/06/2024 11:36:34] SamiQLubiGofry won Zwykły kolczy napierśnik (ID: zwykły_kolczy_napierśnik, Weight: 25.0) from Pospolita skrzynia (ID: common-crate)
[08/06/2024 11:36:43] SamiQLubiGofry won Nożyce z bazaru (ID: nożyce_z_bazaru, Weight: 15.0) from Pospolita skrzynia (ID: common-crate)
[08/06/2024 11:36:43] SamiQLubiGofry won Cooked Porkchop (ID: cooked_porkchop, Weight: 25.0) from Pospolita skrzynia (ID: common-crate)
[08/06/2024 11:36:43] SamiQLubiGofry won Kamienny claymore (ID: kamienny_claymore, Weight: 100.0) from Pospolita skrzynia (ID: common-crate)
[08/06/2024 11:36:43] SamiQLubiGofry won Bread (ID: bread, Weight: 25.0) from Pospolita skrzynia (ID: common-crate)
[08/06/2024 11:36:43] SamiQLubiGofry won Zwykła kusza złosadnika (ID: zwykła_kusza_złosadnika, Weight: 25.0) from Pospolita skrzynia (ID: common-crate)
[08/06/2024 11:36:43] SamiQLubiGofry won Tarcza średniowieczna (ID: tarcza_średniowieczna, Weight: 25.0) from Pospolita skrzynia (ID: common-crate)
[08/06/2024 11:36:43] SamiQLubiGofry won Cooked Porkchop (ID: cooked_porkchop, Weight: 25.0) from Pospolita skrzynia (ID: common-crate)
[08/06/2024 11:36:43] SamiQLubiGofry won Zwykły kolczy napierśnik (ID: zwykły_kolczy_napierśnik, Weight: 25.0) from Pospolita skrzynia (ID: common-crate)
[08/06/2024 11:36:43] SamiQLubiGofry won Cooked Porkchop (ID: cooked_porkchop, Weight: 25.0) from Pospolita skrzynia (ID: common-crate)
[08/06/2024 11:36:43] SamiQLubiGofry won Cooked Porkchop (ID: cooked_porkchop, Weight: 25.0) from Pospolita skrzynia (ID: common-crate)
[08/06/2024 11:36:43] SamiQLubiGofry won Nożyce z bazaru (ID: nożyce_z_bazaru, Weight: 15.0) from Pospolita skrzynia (ID: common-crate)
[08/06/2024 11:36:43] SamiQLubiGofry won Kamienny claymore (ID: kamienny_claymore, Weight: 100.0) from Pospolita skrzynia (ID: common-crate)
[08/06/2024 11:36:43] SamiQLubiGofry won Golden Carrot (ID: golden_carrot, Weight: 25.0) from Pospolita skrzynia (ID: common-crate)
[08/06/2024 11:36:43] SamiQLubiGofry won Gold Ingot (ID: gold_ingot, Weight: 25.0) from Pospolita skrzynia (ID: common-crate)
[08/06/2024 11:36:43] SamiQLubiGofry won Bread (ID: bread, Weight: 25.0) from Pospolita skrzynia (ID: common-crate)
[08/06/2024 11:36:43] SamiQLubiGofry won Klub debaty (ID: klub_debaty, Weight: 25.0) from Pospolita skrzynia (ID: common-crate)
[08/06/2024 11:36:43] SamiQLubiGofry won Szpadel (ID: szpadel, Weight: 25.0) from Pospolita skrzynia (ID: common-crate)
[08/06/2024 11:55:04] SamiQLubiGofry won Zaklęte przeznaczenie (ID: zaklęte_przeznaczenie, Weight: 10.0) from Klasyfikowana skrzynia (ID: classified-crate)
[08/06/2024 11:55:05] SamiQLubiGofry won Kilof górnika (ID: kilof_górnika, Weight: 25.0) from Klasyfikowana skrzynia (ID: classified-crate)
[08/06/2024 11:55:05] SamiQLubiGofry won Wysokiej jakości napierśnik (ID: wysokiej_jakości_napierśnik, Weight: 25.0) from Klasyfikowana skrzynia (ID: classified-crate)
[08/06/2024 11:55:06] SamiQLubiGofry won Ender Pearl (ID: ender_pearl, Weight: 25.0) from Klasyfikowana skrzynia (ID: classified-crate)
[08/06/2024 11:55:06] SamiQLubiGofry won Iron Ingot (ID: iron_ingot, Weight: 2.0) from Klasyfikowana skrzynia (ID: classified-crate)
[08/06/2024 11:55:06] SamiQLubiGofry won Golden Carrot (ID: golden_carrot, Weight: 25.0) from Klasyfikowana skrzynia (ID: classified-crate)
[08/06/2024 11:55:06] SamiQLubiGofry won Iron Ingot (ID: iron_ingot, Weight: 2.0) from Klasyfikowana skrzynia (ID: classified-crate)
[08/06/2024 11:55:06] SamiQLubiGofry won Tępe ostrze (ID: tępe_ostrze, Weight: 25.0) from Klasyfikowana skrzynia (ID: classified-crate)
[08/06/2024 11:55:07] SamiQLubiGofry won Iron Ingot (ID: iron_ingot, Weight: 2.0) from Klasyfikowana skrzynia (ID: classified-crate)
[08/06/2024 11:55:07] SamiQLubiGofry won Iron Ingot (ID: iron_ingot, Weight: 2.0) from Klasyfikowana skrzynia (ID: classified-crate)
[08/06/2024 11:55:07] SamiQLubiGofry won Miecz pogromcy posuchów (ID: miecz_pogromcy_posuchów, Weight: 25.0) from Klasyfikowana skrzynia (ID: classified-crate)
[08/06/2024 11:55:07] SamiQLubiGofry won Iron Ingot (ID: iron_ingot, Weight: 2.0) from Klasyfikowana skrzynia (ID: classified-crate)
[08/06/2024 11:55:07] SamiQLubiGofry won Iron Ingot (ID: iron_ingot, Weight: 2.0) from Klasyfikowana skrzynia (ID: classified-crate)
[08/06/2024 11:55:08] SamiQLubiGofry won Iron Ingot (ID: iron_ingot, Weight: 2.0) from Klasyfikowana skrzynia (ID: classified-crate)
[08/06/2024 11:55:08] SamiQLubiGofry won Wysokiej jakości napierśnik (ID: wysokiej_jakości_napierśnik, Weight: 25.0) from Klasyfikowana skrzynia (ID: classified-crate)
[08/06/2024 11:55:08] SamiQLubiGofry won Iron Ingot (ID: iron_ingot, Weight: 2.0) from Klasyfikowana skrzynia (ID: classified-crate)
[08/06/2024 11:55:08] SamiQLubiGofry won Dobre intencje (ID: dobre_intencje, Weight: 10.0) from Klasyfikowana skrzynia (ID: classified-crate)
[08/06/2024 11:55:08] SamiQLubiGofry won Tępe ostrze (ID: tępe_ostrze, Weight: 25.0) from Klasyfikowana skrzynia (ID: classified-crate)
[08/06/2024 11:55:09] SamiQLubiGofry won Wysokiej jakości hełm (ID: wysokiej_jakości_hełm, Weight: 25.0) from Klasyfikowana skrzynia (ID: classified-crate)
[08/06/2024 11:55:09] SamiQLubiGofry won Iron Ingot (ID: iron_ingot, Weight: 2.0) from Klasyfikowana skrzynia (ID: classified-crate)
[08/06/2024 11:55:09] SamiQLubiGofry won Tarcza średniowieczna (ID: tarcza_średniowieczna, Weight: 25.0) from Klasyfikowana skrzynia (ID: classified-crate)
[08/06/2024 11:55:09] SamiQLubiGofry won Kamienny claymore (ID: kamienny_claymore, Weight: 25.0) from Klasyfikowana skrzynia (ID: classified-crate)
[08/06/2024 11:55:09] SamiQLubiGofry won Wysokiej jakości hełm (ID: wysokiej_jakości_hełm, Weight: 25.0) from Klasyfikowana skrzynia (ID: classified-crate)
[08/06/2024 11:55:09] SamiQLubiGofry won Bottle o' Enchanting (ID: bottle_o_enchanting, Weight: 25.0) from Klasyfikowana skrzynia (ID: classified-crate)
[08/06/2024 11:55:10] SamiQLubiGofry won Iron Ingot (ID: iron_ingot, Weight: 2.0) from Klasyfikowana skrzynia (ID: classified-crate)
[08/06/2024 11:55:10] SamiQLubiGofry won Gold Ingot (ID: gold_ingot, Weight: 25.0) from Klasyfikowana skrzynia (ID: classified-crate)
[08/06/2024 11:55:10] SamiQLubiGofry won Wysokiej jakości buty (ID: wysokiej_jakości_buty, Weight: 25.0) from Klasyfikowana skrzynia (ID: classified-crate)
[08/06/2024 11:55:10] SamiQLubiGofry won Kamienny claymore (ID: kamienny_claymore, Weight: 25.0) from Klasyfikowana skrzynia (ID: classified-crate)
[08/06/2024 11:55:10] SamiQLubiGofry won Bottle o' Enchanting (ID: bottle_o_enchanting, Weight: 25.0) from Klasyfikowana skrzynia (ID: classified-crate)
[08/06/2024 11:55:10] SamiQLubiGofry won Trójząb z niższej półki (ID: trójząb_z_niższej_półki, Weight: 25.0) from Klasyfikowana skrzynia (ID: classified-crate)
[08/06/2024 11:55:11] SamiQLubiGofry won Tarcza średniowieczna (ID: tarcza_średniowieczna, Weight: 25.0) from Klasyfikowana skrzynia (ID: classified-crate)
[08/06/2024 11:55:11] SamiQLubiGofry won Trójząb z wyższej półki (ID: trójząb_z_wyższej_półki, Weight: 10.0) from Klasyfikowana skrzynia (ID: classified-crate)
[08/06/2024 11:55:11] SamiQLubiGofry won Tarcza średniowieczna (ID: tarcza_średniowieczna, Weight: 25.0) from Klasyfikowana skrzynia (ID: classified-crate)
[08/06/2024 11:55:11] SamiQLubiGofry won Kilof górnika (ID: kilof_górnika, Weight: 25.0) from Klasyfikowana skrzynia (ID: classified-crate)
[08/06/2024 11:55:11] SamiQLubiGofry won Iron Ingot (ID: iron_ingot, Weight: 2.0) from Klasyfikowana skrzynia (ID: classified-crate)
[08/06/2024 11:55:12] SamiQLubiGofry won Iron Ingot (ID: iron_ingot, Weight: 2.0) from Klasyfikowana skrzynia (ID: classified-crate)
[08/06/2024 11:55:52] SamiQLubiGofry won Kilof górnika (ID: kilof_górnika, Weight: 25.0) from Klasyfikowana skrzynia (ID: classified-crate)
[08/06/2024 11:55:52] SamiQLubiGofry won Golden Apple (ID: golden_apple, Weight: 25.0) from Klasyfikowana skrzynia (ID: classified-crate)
[08/06/2024 11:55:52] SamiQLubiGofry won Bottle o' Enchanting (ID: bottle_o_enchanting, Weight: 25.0) from Klasyfikowana skrzynia (ID: classified-crate)
[08/06/2024 11:55:52] SamiQLubiGofry won Golden Carrot (ID: golden_carrot, Weight: 25.0) from Klasyfikowana skrzynia (ID: classified-crate)
[08/06/2024 11:56:37] SamiQLubiGofry won Gold Ingot (ID: gold_ingot, Weight: 25.0) from Klasyfikowana skrzynia (ID: classified-crate)
[08/06/2024 11:56:37] SamiQLubiGofry won Diamond (ID: diamond, Weight: 25.0) from Klasyfikowana skrzynia (ID: classified-crate)
[08/06/2024 11:56:37] SamiQLubiGofry won Kusza wielostrzałowa (ID: kusza_wielostrzałowa, Weight: 25.0) from Klasyfikowana skrzynia (ID: classified-crate)
[08/06/2024 11:56:37] SamiQLubiGofry won Dobre intencje (ID: dobre_intencje, Weight: 10.0) from Klasyfikowana skrzynia (ID: classified-crate)
[08/06/2024 11:56:38] SamiQLubiGofry won Golden Carrot (ID: golden_carrot, Weight: 25.0) from Klasyfikowana skrzynia (ID: classified-crate)
[08/06/2024 11:56:38] SamiQLubiGofry won Cooked Porkchop (ID: cooked_porkchop, Weight: 25.0) from Klasyfikowana skrzynia (ID: classified-crate)
[08/06/2024 11:56:38] SamiQLubiGofry won Kilof górnika (ID: kilof_górnika, Weight: 25.0) from Klasyfikowana skrzynia (ID: classified-crate)
[08/06/2024 11:56:38] SamiQLubiGofry won Kilof górnika (ID: kilof_górnika, Weight: 25.0) from Klasyfikowana skrzynia (ID: classified-crate)
[08/06/2024 11:56:38] SamiQLubiGofry won Bottle o' Enchanting (ID: bottle_o_enchanting, Weight: 25.0) from Klasyfikowana skrzynia (ID: classified-crate)
[08/06/2024 11:56:38] SamiQLubiGofry won Wysokiej jakości nogawice (ID: wysokiej_jakości_nogawice, Weight: 25.0) from Klasyfikowana skrzynia (ID: classified-crate)
[08/06/2024 11:56:39] SamiQLubiGofry won Kamienny claymore (ID: kamienny_claymore, Weight: 25.0) from Klasyfikowana skrzynia (ID: classified-crate)
[08/06/2024 11:56:39] SamiQLubiGofry won Bottle o' Enchanting (ID: bottle_o_enchanting, Weight: 25.0) from Klasyfikowana skrzynia (ID: classified-crate)
[08/06/2024 11:56:39] SamiQLubiGofry won Kilof górnika (ID: kilof_górnika, Weight: 25.0) from Klasyfikowana skrzynia (ID: classified-crate)
[08/06/2024 11:56:39] SamiQLubiGofry won Wysokiej jakości napierśnik (ID: wysokiej_jakości_napierśnik, Weight: 25.0) from Klasyfikowana skrzynia (ID: classified-crate)
[08/06/2024 11:56:39] SamiQLubiGofry won Trójząb z wyższej półki (ID: trójząb_z_wyższej_półki, Weight: 10.0) from Klasyfikowana skrzynia (ID: classified-crate)
[08/06/2024 11:56:39] SamiQLubiGofry won Golden Apple (ID: golden_apple, Weight: 25.0) from Klasyfikowana skrzynia (ID: classified-crate)
[08/06/2024 11:56:39] SamiQLubiGofry won Trójząb z niższej półki (ID: trójząb_z_niższej_półki, Weight: 25.0) from Klasyfikowana skrzynia (ID: classified-crate)
[08/06/2024 11:56:40] SamiQLubiGofry won Bottle o' Enchanting (ID: bottle_o_enchanting, Weight: 25.0) from Klasyfikowana skrzynia (ID: classified-crate)
[08/06/2024 11:56:40] SamiQLubiGofry won Tarcza średniowieczna (ID: tarcza_średniowieczna, Weight: 25.0) from Klasyfikowana skrzynia (ID: classified-crate)
[08/06/2024 11:56:40] SamiQLubiGofry won Tępe ostrze (ID: tępe_ostrze, Weight: 25.0) from Klasyfikowana skrzynia (ID: classified-crate)
[08/06/2024 11:56:40] SamiQLubiGofry won Miecz pogromcy posuchów (ID: miecz_pogromcy_posuchów, Weight: 25.0) from Klasyfikowana skrzynia (ID: classified-crate)
[08/06/2024 11:56:40] SamiQLubiGofry won Kamienny claymore (ID: kamienny_claymore, Weight: 25.0) from Klasyfikowana skrzynia (ID: classified-crate)
[08/06/2024 11:56:41] SamiQLubiGofry won Ender Pearl (ID: ender_pearl, Weight: 25.0) from Klasyfikowana skrzynia (ID: classified-crate)
[08/06/2024 11:56:41] SamiQLubiGofry won Gold Ingot (ID: gold_ingot, Weight: 25.0) from Klasyfikowana skrzynia (ID: classified-crate)
[08/06/2024 11:56:41] SamiQLubiGofry won Dobre intencje (ID: dobre_intencje, Weight: 10.0) from Klasyfikowana skrzynia (ID: classified-crate)
[08/06/2024 11:56:41] SamiQLubiGofry won Klub debaty (ID: klub_debaty, Weight: 25.0) from Klasyfikowana skrzynia (ID: classified-crate)
[08/06/2024 11:56:42] SamiQLubiGofry won Pustynne marzenie (ID: pustynne_marzenie, Weight: 25.0) from Klasyfikowana skrzynia (ID: classified-crate)
[08/06/2024 11:56:42] SamiQLubiGofry won Wysokiej jakości napierśnik (ID: wysokiej_jakości_napierśnik, Weight: 25.0) from Klasyfikowana skrzynia (ID: classified-crate)
[08/06/2024 11:56:42] SamiQLubiGofry won Iron Ingot (ID: iron_ingot, Weight: 20.0) from Klasyfikowana skrzynia (ID: classified-crate)
[08/06/2024 11:56:42] SamiQLubiGofry won Iron Ingot (ID: iron_ingot, Weight: 20.0) from Klasyfikowana skrzynia (ID: classified-crate)
[08/06/2024 11:56:42] SamiQLubiGofry won StatTrak™ Ulepszona kusza złosadnika (ID: stattrak™_ulepszona_kusza_złosadnika, Weight: 5.0) from Klasyfikowana skrzynia (ID: classified-crate)
[08/06/2024 11:56:42] SamiQLubiGofry won Cooked Porkchop (ID: cooked_porkchop, Weight: 25.0) from Klasyfikowana skrzynia (ID: classified-crate)
[08/06/2024 11:56:43] SamiQLubiGofry won Trójząb z niższej półki (ID: trójząb_z_niższej_półki, Weight: 25.0) from Klasyfikowana skrzynia (ID: classified-crate)
[08/06/2024 11:56:43] SamiQLubiGofry won Cooked Porkchop (ID: cooked_porkchop, Weight: 25.0) from Klasyfikowana skrzynia (ID: classified-crate)
[08/06/2024 11:56:43] SamiQLubiGofry won Kamienny claymore (ID: kamienny_claymore, Weight: 25.0) from Klasyfikowana skrzynia (ID: classified-crate)
[08/06/2024 11:56:43] SamiQLubiGofry won Ender Pearl (ID: ender_pearl, Weight: 25.0) from Klasyfikowana skrzynia (ID: classified-crate)
[08/06/2024 11:56:43] SamiQLubiGofry won Iron Ingot (ID: iron_ingot, Weight: 20.0) from Klasyfikowana skrzynia (ID: classified-crate)
[08/06/2024 11:56:43] SamiQLubiGofry won Ulepszona kusza złosadnika (ID: ulepszona_kusza_złosadnika, Weight: 25.0) from Klasyfikowana skrzynia (ID: classified-crate)
[08/06/2024 11:58:11] SamiQLubiGofry won Wysokiej jakości nogawice (ID: wysokiej_jakości_nogawice, Weight: 25.0) from Klasyfikowana skrzynia (ID: classified-crate)
[08/06/2024 11:58:11] SamiQLubiGofry won Golden Carrot (ID: golden_carrot, Weight: 25.0) from Klasyfikowana skrzynia (ID: classified-crate)
[08/06/2024 11:58:11] SamiQLubiGofry won Cooked Porkchop (ID: cooked_porkchop, Weight: 25.0) from Klasyfikowana skrzynia (ID: classified-crate)
[08/06/2024 11:58:11] SamiQLubiGofry won Zaklęte przeznaczenie (ID: zaklęte_przeznaczenie, Weight: 10.0) from Klasyfikowana skrzynia (ID: classified-crate)
[08/06/2024 11:58:11] SamiQLubiGofry won Tarcza średniowieczna (ID: tarcza_średniowieczna, Weight: 25.0) from Klasyfikowana skrzynia (ID: classified-crate)
[08/06/2024 11:58:11] SamiQLubiGofry won Kilof górnika (ID: kilof_górnika, Weight: 25.0) from Klasyfikowana skrzynia (ID: classified-crate)
[08/06/2024 11:58:11] SamiQLubiGofry won Tępe ostrze (ID: tępe_ostrze, Weight: 25.0) from Klasyfikowana skrzynia (ID: classified-crate)
[08/06/2024 11:58:11] SamiQLubiGofry won Klub debaty (ID: klub_debaty, Weight: 25.0) from Klasyfikowana skrzynia (ID: classified-crate)
[08/06/2024 11:58:11] SamiQLubiGofry won Kilof górnika (ID: kilof_górnika, Weight: 25.0) from Klasyfikowana skrzynia (ID: classified-crate)
[08/06/2024 11:58:11] SamiQLubiGofry won Bottle o' Enchanting (ID: bottle_o_enchanting, Weight: 25.0) from Klasyfikowana skrzynia (ID: classified-crate)
[08/06/2024 11:58:11] SamiQLubiGofry won Wysokiej jakości napierśnik (ID: wysokiej_jakości_napierśnik, Weight: 25.0) from Klasyfikowana skrzynia (ID: classified-crate)
[08/06/2024 11:58:11] SamiQLubiGofry won Tępe ostrze (ID: tępe_ostrze, Weight: 25.0) from Klasyfikowana skrzynia (ID: classified-crate)
[08/06/2024 11:58:11] SamiQLubiGofry won Cooked Porkchop (ID: cooked_porkchop, Weight: 25.0) from Klasyfikowana skrzynia (ID: classified-crate)
[08/06/2024 11:58:11] SamiQLubiGofry won Tępe ostrze (ID: tępe_ostrze, Weight: 25.0) from Klasyfikowana skrzynia (ID: classified-crate)
[08/06/2024 11:58:11] SamiQLubiGofry won Tarcza średniowieczna (ID: tarcza_średniowieczna, Weight: 25.0) from Klasyfikowana skrzynia (ID: classified-crate)
[08/06/2024 11:58:11] SamiQLubiGofry won Gold Ingot (ID: gold_ingot, Weight: 25.0) from Klasyfikowana skrzynia (ID: classified-crate)
[08/06/2024 11:58:11] SamiQLubiGofry won Trójząb z wyższej półki (ID: trójząb_z_wyższej_półki, Weight: 10.0) from Klasyfikowana skrzynia (ID: classified-crate)
[08/06/2024 11:58:11] SamiQLubiGofry won Gold Ingot (ID: gold_ingot, Weight: 25.0) from Klasyfikowana skrzynia (ID: classified-crate)
[08/06/2024 11:58:11] SamiQLubiGofry won Iron Ingot (ID: iron_ingot, Weight: 20.0) from Klasyfikowana skrzynia (ID: classified-crate)
[08/06/2024 11:58:11] SamiQLubiGofry won Ulepszona kusza złosadnika (ID: ulepszona_kusza_złosadnika, Weight: 25.0) from Klasyfikowana skrzynia (ID: classified-crate)
[08/06/2024 11:58:11] SamiQLubiGofry won Bottle o' Enchanting (ID: bottle_o_enchanting, Weight: 25.0) from Klasyfikowana skrzynia (ID: classified-crate)
[08/06/2024 11:58:11] SamiQLubiGofry won Bottle o' Enchanting (ID: bottle_o_enchanting, Weight: 25.0) from Klasyfikowana skrzynia (ID: classified-crate)
[08/06/2024 11:58:11] SamiQLubiGofry won Wysokiej jakości napierśnik (ID: wysokiej_jakości_napierśnik, Weight: 25.0) from Klasyfikowana skrzynia (ID: classified-crate)
[08/06/2024 11:58:11] SamiQLubiGofry won Tępe ostrze (ID: tępe_ostrze, Weight: 25.0) from Klasyfikowana skrzynia (ID: classified-crate)
[08/06/2024 11:58:11] SamiQLubiGofry won Trójząb z wyższej półki (ID: trójząb_z_wyższej_półki, Weight: 10.0) from Klasyfikowana skrzynia (ID: classified-crate)
[08/06/2024 11:58:11] SamiQLubiGofry won Wysokiej jakości nogawice (ID: wysokiej_jakości_nogawice, Weight: 25.0) from Klasyfikowana skrzynia (ID: classified-crate)
[08/06/2024 11:58:11] SamiQLubiGofry won Wysokiej jakości nogawice (ID: wysokiej_jakości_nogawice, Weight: 25.0) from Klasyfikowana skrzynia (ID: classified-crate)
[08/06/2024 11:58:11] SamiQLubiGofry won Dobre intencje (ID: dobre_intencje, Weight: 10.0) from Klasyfikowana skrzynia (ID: classified-crate)
[08/06/2024 11:58:11] SamiQLubiGofry won Cooked Porkchop (ID: cooked_porkchop, Weight: 25.0) from Klasyfikowana skrzynia (ID: classified-crate)
[08/06/2024 11:58:11] SamiQLubiGofry won Tarcza średniowieczna (ID: tarcza_średniowieczna, Weight: 25.0) from Klasyfikowana skrzynia (ID: classified-crate)
[08/06/2024 11:58:14] SamiQLubiGofry won Klub debaty (ID: klub_debaty, Weight: 25.0) from Klasyfikowana skrzynia (ID: classified-crate)
[08/06/2024 11:58:14] SamiQLubiGofry won Kilof górnika (ID: kilof_górnika, Weight: 25.0) from Klasyfikowana skrzynia (ID: classified-crate)
[08/06/2024 11:58:14] SamiQLubiGofry won Cooked Porkchop (ID: cooked_porkchop, Weight: 25.0) from Klasyfikowana skrzynia (ID: classified-crate)
[08/06/2024 11:58:14] SamiQLubiGofry won Wysokiej jakości nogawice (ID: wysokiej_jakości_nogawice, Weight: 25.0) from Klasyfikowana skrzynia (ID: classified-crate)
[08/06/2024 11:58:14] SamiQLubiGofry won Ulepszona kusza złosadnika (ID: ulepszona_kusza_złosadnika, Weight: 25.0) from Klasyfikowana skrzynia (ID: classified-crate)
[08/06/2024 11:58:14] SamiQLubiGofry won Tarcza średniowieczna (ID: tarcza_średniowieczna, Weight: 25.0) from Klasyfikowana skrzynia (ID: classified-crate)
[08/06/2024 11:58:14] SamiQLubiGofry won Wysokiej jakości nogawice (ID: wysokiej_jakości_nogawice, Weight: 25.0) from Klasyfikowana skrzynia (ID: classified-crate)
[08/06/2024 12:05:33] SamiQLubiGofry won Zaklęte przeznaczenie (ID: zaklęte_przeznaczenie, Weight: 10.0) from Klasyfikowana skrzynia (ID: classified-crate)
[08/06/2024 12:05:33] SamiQLubiGofry won Cooked Porkchop (ID: cooked_porkchop, Weight: 25.0) from Klasyfikowana skrzynia (ID: classified-crate)
[08/06/2024 12:05:33] SamiQLubiGofry won Iron Ingot (ID: iron_ingot, Weight: 20.0) from Klasyfikowana skrzynia (ID: classified-crate)
[08/06/2024 12:05:33] SamiQLubiGofry won Bottle o' Enchanting (ID: bottle_o_enchanting, Weight: 25.0) from Klasyfikowana skrzynia (ID: classified-crate)
[08/06/2024 12:05:33] SamiQLubiGofry won Tarcza średniowieczna (ID: tarcza_średniowieczna, Weight: 25.0) from Klasyfikowana skrzynia (ID: classified-crate)
[08/06/2024 12:05:33] SamiQLubiGofry won Bottle o' Enchanting (ID: bottle_o_enchanting, Weight: 25.0) from Klasyfikowana skrzynia (ID: classified-crate)
[08/06/2024 12:05:33] SamiQLubiGofry won Tępe ostrze (ID: tępe_ostrze, Weight: 25.0) from Klasyfikowana skrzynia (ID: classified-crate)
[08/06/2024 12:05:33] SamiQLubiGofry won Bottle o' Enchanting (ID: bottle_o_enchanting, Weight: 25.0) from Klasyfikowana skrzynia (ID: classified-crate)
[08/06/2024 12:05:33] SamiQLubiGofry won Ender Pearl (ID: ender_pearl, Weight: 25.0) from Klasyfikowana skrzynia (ID: classified-crate)
[08/06/2024 12:05:33] SamiQLubiGofry won Gold Ingot (ID: gold_ingot, Weight: 25.0) from Klasyfikowana skrzynia (ID: classified-crate)
[08/06/2024 12:05:33] SamiQLubiGofry won Dobre intencje (ID: dobre_intencje, Weight: 10.0) from Klasyfikowana skrzynia (ID: classified-crate)
[08/06/2024 12:05:33] SamiQLubiGofry won Golden Carrot (ID: golden_carrot, Weight: 25.0) from Klasyfikowana skrzynia (ID: classified-crate)
[08/06/2024 12:05:33] SamiQLubiGofry won Cooked Porkchop (ID: cooked_porkchop, Weight: 25.0) from Klasyfikowana skrzynia (ID: classified-crate)
[08/06/2024 12:05:33] SamiQLubiGofry won Gold Ingot (ID: gold_ingot, Weight: 25.0) from Klasyfikowana skrzynia (ID: classified-crate)
[08/06/2024 12:05:33] SamiQLubiGofry won Kilof górnika (ID: kilof_górnika, Weight: 25.0) from Klasyfikowana skrzynia (ID: classified-crate)
[08/06/2024 12:05:33] SamiQLubiGofry won Kamienny claymore (ID: kamienny_claymore, Weight: 25.0) from Klasyfikowana skrzynia (ID: classified-crate)
[08/06/2024 12:05:33] SamiQLubiGofry won Dobre intencje (ID: dobre_intencje, Weight: 10.0) from Klasyfikowana skrzynia (ID: classified-crate)
[08/06/2024 12:05:33] SamiQLubiGofry won Kilof górnika (ID: kilof_górnika, Weight: 25.0) from Klasyfikowana skrzynia (ID: classified-crate)
[08/06/2024 12:05:33] SamiQLubiGofry won Tarcza średniowieczna (ID: tarcza_średniowieczna, Weight: 25.0) from Klasyfikowana skrzynia (ID: classified-crate)
[08/06/2024 12:05:33] SamiQLubiGofry won Zaklęte przeznaczenie (ID: zaklęte_przeznaczenie, Weight: 10.0) from Klasyfikowana skrzynia (ID: classified-crate)
[08/06/2024 12:05:33] SamiQLubiGofry won Bottle o' Enchanting (ID: bottle_o_enchanting, Weight: 25.0) from Klasyfikowana skrzynia (ID: classified-crate)
[08/06/2024 12:05:33] SamiQLubiGofry won Dobre intencje (ID: dobre_intencje, Weight: 10.0) from Klasyfikowana skrzynia (ID: classified-crate)
[08/06/2024 12:05:33] SamiQLubiGofry won Diamond (ID: diamond, Weight: 25.0) from Klasyfikowana skrzynia (ID: classified-crate)
[08/06/2024 12:05:33] SamiQLubiGofry won Kamienny claymore (ID: kamienny_claymore, Weight: 25.0) from Klasyfikowana skrzynia (ID: classified-crate)
[08/06/2024 12:05:33] SamiQLubiGofry won Gold Ingot (ID: gold_ingot, Weight: 25.0) from Klasyfikowana skrzynia (ID: classified-crate)
[08/06/2024 12:05:33] SamiQLubiGofry won Iron Ingot (ID: iron_ingot, Weight: 20.0) from Klasyfikowana skrzynia (ID: classified-crate)
[08/06/2024 12:05:33] SamiQLubiGofry won Wysokiej jakości napierśnik (ID: wysokiej_jakości_napierśnik, Weight: 25.0) from Klasyfikowana skrzynia (ID: classified-crate)
[08/06/2024 12:05:33] SamiQLubiGofry won Cooked Porkchop (ID: cooked_porkchop, Weight: 25.0) from Klasyfikowana skrzynia (ID: classified-crate)
[08/06/2024 12:05:33] SamiQLubiGofry won Golden Apple (ID: golden_apple, Weight: 25.0) from Klasyfikowana skrzynia (ID: classified-crate)
[08/06/2024 12:05:33] SamiQLubiGofry won Wysokiej jakości napierśnik (ID: wysokiej_jakości_napierśnik, Weight: 25.0) from Klasyfikowana skrzynia (ID: classified-crate)
